C:\Program Files (x86)\MSBuild\Microsoft.Cpp\v4.0\V140\Microsoft.CppBuild.targets(368,5): warning MSB8004: Output Directory does not end with a trailing slash.  This build instance will add the slash as it is required to allow proper evaluation of the Output Directory.
  venom_platform.cpp
d:\workspace\venom\src\venom_memory.h(48): warning C4267: 'return': conversion from 'size_t' to 'U32', possible loss of data
d:\workspace\venom\src\math\matrix.h(48): warning C4267: 'argument': conversion from 'size_t' to 'int', possible loss of data
d:\workspace\venom\src\math\matrix.h(58): warning C4267: 'argument': conversion from 'size_t' to 'int', possible loss of data
d:\workspace\venom\src\math\matrix.h(73): warning C4267: 'argument': conversion from 'size_t' to 'int', possible loss of data
d:\workspace\venom\src\math\random.h(33): warning C4244: '=': conversion from 'F64' to 'float', possible loss of data
d:\workspace\venom\src\math\random.h(34): warning C4244: '=': conversion from 'F64' to 'float', possible loss of data
d:\workspace\venom\src\math\random.h(35): warning C4244: '=': conversion from 'F64' to 'float', possible loss of data
d:\workspace\venom\src\math\random.h(42): warning C4244: '=': conversion from 'F64' to 'float', possible loss of data
d:\workspace\venom\src\math\random.h(43): warning C4244: '=': conversion from 'F64' to 'float', possible loss of data
d:\workspace\venom\src\math\random.h(44): warning C4244: '=': conversion from 'F64' to 'float', possible loss of data
d:\workspace\venom\src\assets\asset_data.h(119): warning C4624: 'AssetManifest': destructor was implicitly defined as deleted
d:\workspace\venom\src\venom_platform.h(376): warning C4624: 'GameMemory': destructor was implicitly defined as deleted
d:\workspace\venom\src\utility\stringutils.cpp(7): warning C4267: 'initializing': conversion from 'size_t' to 'int', possible loss of data
d:\workspace\venom\src\utility\stringutils.cpp(14): warning C4554: '&': check operator precedence for possible error; use parentheses to clarify precedence
d:\workspace\venom\src\animation.cpp(18): warning C4267: '=': conversion from 'size_t' to 'S32', possible loss of data
d:\workspace\venom\src\animation.cpp(187): warning C4267: 'return': conversion from 'size_t' to 'U32', possible loss of data
d:\workspace\venom\src\opengl_glsl.cpp(136): warning C4244: '=': conversion from 'U64' to 'U32', possible loss of data
d:\workspace\venom\src\opengl_glsl.cpp(172): warning C4267: '=': conversion from 'size_t' to 'U32', possible loss of data
d:\workspace\venom\src\opengl_glsl.cpp(206): warning C4267: '=': conversion from 'size_t' to 'U32', possible loss of data
d:\workspace\venom\src\opengl_glsl.cpp(220): warning C4244: '=': conversion from 'U64' to 'U32', possible loss of data
d:\workspace\venom\src\opengl_glsl.cpp(226): warning C4244: '=': conversion from 'U64' to 'U32', possible loss of data
d:\workspace\venom\src\opengl_glsl.cpp(54): warning C4996: 'fopen': This function or variable may be unsafe. Consider using fopen_s instead. To disable deprecation, use _CRT_SECURE_NO_WARNINGS. See online help for details.
  c:\program files (x86)\windows kits\10\include\10.0.10240.0\ucrt\stdio.h(205): note: see declaration of 'fopen'
d:\workspace\venom\src\opengl_glsl.cpp(149): warning C4996: 'fopen': This function or variable may be unsafe. Consider using fopen_s instead. To disable deprecation, use _CRT_SECURE_NO_WARNINGS. See online help for details.
  c:\program files (x86)\windows kits\10\include\10.0.10240.0\ucrt\stdio.h(205): note: see declaration of 'fopen'
d:\workspace\venom\src\opengl_glsl.cpp(187): warning C4996: 'fopen': This function or variable may be unsafe. Consider using fopen_s instead. To disable deprecation, use _CRT_SECURE_NO_WARNINGS. See online help for details.
  c:\program files (x86)\windows kits\10\include\10.0.10240.0\ucrt\stdio.h(205): note: see declaration of 'fopen'
d:\workspace\venom\src\opengl_glsl.cpp(269): warning C4996: 'sprintf': This function or variable may be unsafe. Consider using sprintf_s instead. To disable deprecation, use _CRT_SECURE_NO_WARNINGS. See online help for details.
  c:\program files (x86)\windows kits\10\include\10.0.10240.0\ucrt\stdio.h(1769): note: see declaration of 'sprintf'
d:\workspace\venom\src\opengl_glsl.cpp(274): warning C4996: 'fopen': This function or variable may be unsafe. Consider using fopen_s instead. To disable deprecation, use _CRT_SECURE_NO_WARNINGS. See online help for details.
  c:\program files (x86)\windows kits\10\include\10.0.10240.0\ucrt\stdio.h(205): note: see declaration of 'fopen'
d:\workspace\venom\src\opengl_resources.cpp(71): warning C4267: 'argument': conversion from 'size_t' to 'GLenum', possible loss of data
d:\workspace\venom\src\opengl_resources.cpp(99): warning C4244: '=': conversion from 'F64' to 'float', possible loss of data
d:\workspace\venom\src\opengl_resources.cpp(100): warning C4244: '=': conversion from 'F64' to 'float', possible loss of data
d:\workspace\venom\src\opengl_resources.cpp(114): warning C4244: '=': conversion from 'F64' to 'float', possible loss of data
d:\workspace\venom\src\opengl_resources.cpp(115): warning C4244: '=': conversion from 'F64' to 'float', possible loss of data
d:\workspace\venom\src\opengl_resources.cpp(116): warning C4244: '=': conversion from 'F64' to 'float', possible loss of data
d:\workspace\venom\src\debug_renderer.cpp(51): warning C4267: 'argument': conversion from 'size_t' to 'U32', possible loss of data
d:\workspace\venom\src\debug_renderer.cpp(64): warning C4267: '=': conversion from 'size_t' to 'U32', possible loss of data
d:\workspace\venom\src\opengl_render.cpp(34): warning C4267: 'argument': conversion from 'size_t' to 'S32', possible loss of data
d:\workspace\venom\src\opengl_render.cpp(35): warning C4267: 'argument': conversion from 'size_t' to 'S32', possible loss of data
d:\workspace\venom\src\opengl_render.cpp(40): warning C4267: 'argument': conversion from 'size_t' to 'S32', possible loss of data
d:\workspace\venom\src\opengl_render.cpp(41): warning C4267: 'argument': conversion from 'size_t' to 'S32', possible loss of data
d:\workspace\venom\src\opengl_render.cpp(42): warning C4267: 'argument': conversion from 'size_t' to 'GLint', possible loss of data
d:\workspace\venom\src\opengl_render.cpp(47): warning C4267: 'argument': conversion from 'size_t' to 'S32', possible loss of data
d:\workspace\venom\src\opengl_render.cpp(48): warning C4267: 'argument': conversion from 'size_t' to 'S32', possible loss of data
d:\workspace\venom\src\opengl_render.cpp(49): warning C4267: 'argument': conversion from 'size_t' to 'S32', possible loss of data
d:\workspace\venom\src\opengl_render.cpp(225): warning C4267: 'argument': conversion from 'size_t' to 'S32', possible loss of data
d:\workspace\venom\src\opengl_render.cpp(236): warning C4267: 'argument': conversion from 'size_t' to 'S32', possible loss of data
d:\workspace\venom\src\opengl_render.cpp(339): warning C4244: 'argument': conversion from 'F32' to 'const U32', possible loss of data
d:\workspace\venom\src\opengl_render.cpp(340): warning C4244: 'argument': conversion from 'F32' to 'U32', possible loss of data
d:\workspace\venom\src\opengl_render.cpp(516): warning C4305: 'argument': truncation from 'double' to 'float'
d:\workspace\venom\src\opengl_render.cpp(542): warning C4244: 'argument': conversion from 'F32' to 'GLsizei', possible loss of data
d:\workspace\venom\src\opengl_render.cpp(661): warning C4244: 'argument': conversion from 'F32' to 'GLsizei', possible loss of data
d:\workspace\venom\src\opengl_render.cpp(737): warning C4244: 'argument': conversion from 'F32' to 'GLint', possible loss of data
d:\workspace\venom\src\thirdparty\stb_vorbis.c(4432): warning C4244: 'return': conversion from '__int64' to 'int', possible loss of data
d:\workspace\venom\src\thirdparty\stb_vorbis.c(4442): warning C4244: 'return': conversion from '__int64' to 'int', possible loss of data
d:\workspace\venom\src\thirdparty\stb_vorbis.c(4462): warning C4244: 'return': conversion from '__int64' to 'int', possible loss of data
d:\workspace\venom\src\thirdparty\stb_vorbis.c(4485): warning C4244: '=': conversion from '__int64' to 'int', possible loss of data
d:\workspace\venom\src\thirdparty\stb_vorbis.c(4500): warning C4244: 'return': conversion from '__int64' to 'unsigned int', possible loss of data
d:\workspace\venom\src\thirdparty\stb_vorbis.c(5026): warning C4996: 'fopen': This function or variable may be unsafe. Consider using fopen_s instead. To disable deprecation, use _CRT_SECURE_NO_WARNINGS. See online help for details.
  c:\program files (x86)\windows kits\10\include\10.0.10240.0\ucrt\stdio.h(205): note: see declaration of 'fopen'
d:\workspace\venom\src\assets\assimp_importer.cpp(1): warning C4068: unknown pragma
d:\workspace\venom\src\assets\assimp_importer.cpp(2): warning C4068: unknown pragma
d:\workspace\venom\src\assets\assimp_importer.cpp(13): warning C4068: unknown pragma
d:\workspace\venom\src\assets\assimp_importer.cpp(37): warning C4267: 'initializing': conversion from 'size_t' to 'S32', possible loss of data
d:\workspace\venom\src\assets\assimp_importer.cpp(109): warning C4267: '=': conversion from 'size_t' to 'U32', possible loss of data
d:\workspace\venom\src\assets\assimp_importer.cpp(218): warning C4267: '=': conversion from 'size_t' to 'S32', possible loss of data
d:\workspace\venom\src\assets\assimp_importer.cpp(233): warning C4267: 'argument': conversion from 'size_t' to 'S32', possible loss of data
d:\workspace\venom\src\assets\assimp_importer.cpp(247): warning C4267: '=': conversion from 'size_t' to 'S32', possible loss of data
d:\workspace\venom\src\assets\assimp_importer.cpp(328): warning C4267: '=': conversion from 'size_t' to 'U32', possible loss of data
d:\workspace\venom\src\assets\assimp_importer.cpp(329): warning C4267: '=': conversion from 'size_t' to 'U32', possible loss of data
d:\workspace\venom\src\assets\assimp_importer.cpp(330): warning C4267: '=': conversion from 'size_t' to 'U32', possible loss of data
d:\workspace\venom\src\assets\assimp_importer.cpp(350): warning C4267: '=': conversion from 'size_t' to 'U8', possible loss of data
d:\workspace\venom\src\assets\assimp_importer.cpp(355): warning C4267: '=': conversion from 'size_t' to 'U8', possible loss of data
d:\workspace\venom\src\assets\assimp_importer.cpp(387): warning C4244: '=': conversion from 'double' to 'F32', possible loss of data
d:\workspace\venom\src\assets\assimp_importer.cpp(388): warning C4244: '=': conversion from 'double' to 'F32', possible loss of data
d:\workspace\venom\src\assets\assimp_importer.cpp(418): warning C4244: '=': conversion from 'double' to 'F32', possible loss of data
d:\workspace\venom\src\assets\assimp_importer.cpp(429): warning C4244: '=': conversion from 'double' to 'F32', possible loss of data
d:\workspace\venom\src\assets\assimp_importer.cpp(442): warning C4244: '=': conversion from 'double' to 'F32', possible loss of data
d:\workspace\venom\src\assets\assimp_importer.cpp(444): warning C4305: 'argument': truncation from 'double' to 'F32'
d:\workspace\venom\src\assets\assimp_importer.cpp(445): warning C4305: 'argument': truncation from 'double' to 'F32'
d:\workspace\venom\src\assets\assimp_importer.cpp(476): warning C4996: 'strcpy': This function or variable may be unsafe. Consider using strcpy_s instead. To disable deprecation, use _CRT_SECURE_NO_WARNINGS. See online help for details.
  c:\program files (x86)\windows kits\10\include\10.0.10240.0\ucrt\string.h(119): note: see declaration of 'strcpy'
d:\workspace\venom\src\assets\venom_asset.cpp(9): error C2039: 'lock': is not a member of 'AssetSlot'
  d:\workspace\venom\src\assets\venom_asset.h(48): note: see declaration of 'AssetSlot'
d:\workspace\venom\src\assets\venom_asset.cpp(25): error C2039: 'lock': is not a member of 'AssetSlot'
  d:\workspace\venom\src\assets\venom_asset.h(48): note: see declaration of 'AssetSlot'
d:\workspace\venom\src\assets\venom_asset.cpp(35): error C2039: 'lock': is not a member of 'AssetSlot'
  d:\workspace\venom\src\assets\venom_asset.h(48): note: see declaration of 'AssetSlot'
d:\workspace\venom\src\assets\venom_asset.cpp(18): warning C4996: 'strcpy': This function or variable may be unsafe. Consider using strcpy_s instead. To disable deprecation, use _CRT_SECURE_NO_WARNINGS. See online help for details.
  c:\program files (x86)\windows kits\10\include\10.0.10240.0\ucrt\string.h(119): note: see declaration of 'strcpy'
d:\workspace\venom\src\assets\venom_asset.cpp(42): error C2039: 'lock': is not a member of 'AssetSlot'
  d:\workspace\venom\src\assets\venom_asset.h(48): note: see declaration of 'AssetSlot'
d:\workspace\venom\src\assets\venom_asset.cpp(53): error C2039: 'lock': is not a member of 'AssetSlot'
  d:\workspace\venom\src\assets\venom_asset.h(48): note: see declaration of 'AssetSlot'
d:\workspace\venom\src\assets\venom_asset.cpp(123): error C2039: 'lock': is not a member of 'AssetSlot'
  d:\workspace\venom\src\assets\venom_asset.h(48): note: see declaration of 'AssetSlot'
d:\workspace\venom\src\assets\venom_asset.cpp(140): error C2039: 'lock': is not a member of 'AssetSlot'
  d:\workspace\venom\src\assets\venom_asset.h(48): note: see declaration of 'AssetSlot'
d:\workspace\venom\src\assets\venom_asset.cpp(127): warning C4996: 'strcpy': This function or variable may be unsafe. Consider using strcpy_s instead. To disable deprecation, use _CRT_SECURE_NO_WARNINGS. See online help for details.
  c:\program files (x86)\windows kits\10\include\10.0.10240.0\ucrt\string.h(119): note: see declaration of 'strcpy'
d:\workspace\venom\src\assets\venom_asset.cpp(150): error C2039: 'lock': is not a member of 'AssetSlot'
  d:\workspace\venom\src\assets\venom_asset.h(48): note: see declaration of 'AssetSlot'
d:\workspace\venom\src\assets\venom_asset.cpp(159): error C2039: 'lock': is not a member of 'AssetSlot'
  d:\workspace\venom\src\assets\venom_asset.h(48): note: see declaration of 'AssetSlot'
d:\workspace\venom\src\assets\venom_asset.cpp(182): warning C4996: 'strdup': The POSIX name for this item is deprecated. Instead, use the ISO C and C++ conformant name: _strdup. See online help for details.
  c:\program files (x86)\windows kits\10\include\10.0.10240.0\ucrt\string.h(552): note: see declaration of 'strdup'
d:\workspace\venom\src\assets\venom_asset.cpp(183): warning C4996: 'strdup': The POSIX name for this item is deprecated. Instead, use the ISO C and C++ conformant name: _strdup. See online help for details.
  c:\program files (x86)\windows kits\10\include\10.0.10240.0\ucrt\string.h(552): note: see declaration of 'strdup'
d:\workspace\venom\src\assets\venom_asset.cpp(192): warning C4267: '=': conversion from 'size_t' to 'U32', possible loss of data
d:\workspace\venom\src\assets\venom_asset.cpp(207): warning C4267: '=': conversion from 'size_t' to 'U32', possible loss of data
d:\workspace\venom\src\assets\venom_asset.cpp(206): warning C4996: 'strcpy': This function or variable may be unsafe. Consider using strcpy_s instead. To disable deprecation, use _CRT_SECURE_NO_WARNINGS. See online help for details.
  c:\program files (x86)\windows kits\10\include\10.0.10240.0\ucrt\string.h(119): note: see declaration of 'strcpy'
d:\workspace\venom\src\assets\venom_asset.cpp(214): warning C4996: 'strcpy': This function or variable may be unsafe. Consider using strcpy_s instead. To disable deprecation, use _CRT_SECURE_NO_WARNINGS. See online help for details.
  c:\program files (x86)\windows kits\10\include\10.0.10240.0\ucrt\string.h(119): note: see declaration of 'strcpy'
d:\workspace\venom\src\assets\venom_asset.cpp(238): error C2039: 'lock': is not a member of 'AssetSlot'
  d:\workspace\venom\src\assets\venom_asset.h(48): note: see declaration of 'AssetSlot'
d:\workspace\venom\src\assets\venom_asset.cpp(245): error C2039: 'lock': is not a member of 'AssetSlot'
  d:\workspace\venom\src\assets\venom_asset.h(48): note: see declaration of 'AssetSlot'
d:\workspace\venom\src\assets\venom_asset.cpp(248): error C2039: 'lock': is not a member of 'AssetSlot'
  d:\workspace\venom\src\assets\venom_asset.h(48): note: see declaration of 'AssetSlot'
d:\workspace\venom\src\assets\venom_asset.cpp(252): error C2039: 'lock': is not a member of 'AssetSlot'
  d:\workspace\venom\src\assets\venom_asset.h(48): note: see declaration of 'AssetSlot'
d:\workspace\venom\src\utility\serializer.cpp(50): warning C4244: 'initializing': conversion from 'uint64_t' to 'uint32_t', possible loss of data
d:\workspace\venom\src\utility\serializer.cpp(60): warning C4267: '=': conversion from 'size_t' to 'uint32_t', possible loss of data
d:\workspace\venom\src\utility\serializer.cpp(76): warning C4996: 'fopen': This function or variable may be unsafe. Consider using fopen_s instead. To disable deprecation, use _CRT_SECURE_NO_WARNINGS. See online help for details.
  c:\program files (x86)\windows kits\10\include\10.0.10240.0\ucrt\stdio.h(205): note: see declaration of 'fopen'
d:\workspace\venom\src\utility\serializer.cpp(173): warning C4244: '=': conversion from 'uint64_t' to 'uint32_t', possible loss of data
d:\workspace\venom\src\utility\serializer.cpp(174): warning C4244: '=': conversion from 'uint64_t' to 'uint32_t', possible loss of data
d:\workspace\venom\src\utility\serializer.cpp(186): warning C4267: '=': conversion from 'size_t' to 'uint32_t', possible loss of data
d:\workspace\venom\src\utility\profiler.cpp(42): warning C4244: 'initializing': conversion from 'U64' to 'float', possible loss of data
d:\workspace\venom\src\engine.cpp(78): warning C4267: '=': conversion from 'size_t' to 'U32', possible loss of data
d:\workspace\venom\src\engine.cpp(84): warning C4267: '=': conversion from 'size_t' to 'U32', possible loss of data
d:\workspace\venom\src\venom_module.cpp(1): warning C4068: unknown pragma
d:\workspace\venom\src\venom_module.cpp(2): warning C4068: unknown pragma
d:\workspace\venom\src\venom_module.cpp(3): warning C4068: unknown pragma
d:\workspace\venom\src\venom_module.cpp(4): warning C4068: unknown pragma
d:\workspace\venom\src\venom_module.cpp(5): warning C4068: unknown pragma
d:\workspace\venom\src\venom_module.cpp(6): warning C4068: unknown pragma
d:\workspace\venom\src\venom_module.cpp(7): warning C4068: unknown pragma
d:\workspace\venom\src\venom_module.cpp(8): warning C4068: unknown pragma
d:\workspace\venom\src\venom_module.cpp(9): warning C4068: unknown pragma
d:\workspace\venom\src\venom_module.cpp(10): warning C4068: unknown pragma
d:\workspace\venom\src\venom_module.cpp(13): warning C4068: unknown pragma
d:\workspace\venom\src\venom_module.cpp(14): warning C4068: unknown pragma
d:\workspace\venom\src\venom_module.cpp(15): warning C4068: unknown pragma
d:\workspace\venom\src\venom_module.cpp(16): warning C4068: unknown pragma
d:\workspace\venom\src\venom_module.cpp(17): warning C4068: unknown pragma
d:\workspace\venom\src\venom_module.cpp(18): warning C4068: unknown pragma
d:\workspace\venom\src\venom_module.cpp(44): warning C4996: 'fopen': This function or variable may be unsafe. Consider using fopen_s instead. To disable deprecation, use _CRT_SECURE_NO_WARNINGS. See online help for details.
  c:\program files (x86)\windows kits\10\include\10.0.10240.0\ucrt\stdio.h(205): note: see declaration of 'fopen'
d:\workspace\venom\src\venom_module.cpp(45): warning C4996: 'fopen': This function or variable may be unsafe. Consider using fopen_s instead. To disable deprecation, use _CRT_SECURE_NO_WARNINGS. See online help for details.
  c:\program files (x86)\windows kits\10\include\10.0.10240.0\ucrt\stdio.h(205): note: see declaration of 'fopen'
d:\workspace\venom\src\debug_imgui.cpp(8): warning C4244: 'initializing': conversion from 'int' to 'float', possible loss of data
d:\workspace\venom\src\debug_imgui.cpp(14): warning C4244: 'argument': conversion from 'U64' to 'U32', possible loss of data
d:\workspace\venom\src\debug_imgui.cpp(57): warning C4267: 'argument': conversion from 'size_t' to 'int', possible loss of data
d:\workspace\venom\src\debug_imgui.cpp(59): warning C4244: 'argument': conversion from 'const U64' to 'int', possible loss of data
d:\workspace\venom\src\debug_imgui.cpp(82): warning C4996: 'strdup': The POSIX name for this item is deprecated. Instead, use the ISO C and C++ conformant name: _strdup. See online help for details.
  c:\program files (x86)\windows kits\10\include\10.0.10240.0\ucrt\string.h(552): note: see declaration of 'strdup'
d:\workspace\venom\src\debug_imgui.cpp(83): warning C4996: 'strdup': The POSIX name for this item is deprecated. Instead, use the ISO C and C++ conformant name: _strdup. See online help for details.
  c:\program files (x86)\windows kits\10\include\10.0.10240.0\ucrt\string.h(552): note: see declaration of 'strdup'
d:\workspace\venom\src\debug_imgui.cpp(108): warning C4996: 'strdup': The POSIX name for this item is deprecated. Instead, use the ISO C and C++ conformant name: _strdup. See online help for details.
  c:\program files (x86)\windows kits\10\include\10.0.10240.0\ucrt\string.h(552): note: see declaration of 'strdup'
d:\workspace\venom\src\debug_imgui.cpp(113): warning C4996: 'strdup': The POSIX name for this item is deprecated. Instead, use the ISO C and C++ conformant name: _strdup. See online help for details.
  c:\program files (x86)\windows kits\10\include\10.0.10240.0\ucrt\string.h(552): note: see declaration of 'strdup'
d:\workspace\venom\src\venom_module.cpp(149): warning C4244: 'argument': conversion from 'F32' to 'GLsizei', possible loss of data
d:\workspace\venom\src\venom_editor.cpp(126): warning C4244: '=': conversion from 'U64' to 'U32', possible loss of data
d:\workspace\venom\src\venom_editor.cpp(255): warning C4267: 'argument': conversion from 'size_t' to 'int', possible loss of data
d:\workspace\venom\src\venom_editor.cpp(258): warning C4267: 'argument': conversion from 'size_t' to 'U32', possible loss of data
d:\workspace\venom\src\venom_editor.cpp(258): warning C4800: 'int': forcing value to bool 'true' or 'false' (performance warning)
d:\workspace\venom\src\venom_editor.cpp(260): warning C4267: 'argument': conversion from 'size_t' to 'U32', possible loss of data
d:\workspace\venom\src\venom_editor.cpp(222): warning C4996: 'sprintf': This function or variable may be unsafe. Consider using sprintf_s instead. To disable deprecation, use _CRT_SECURE_NO_WARNINGS. See online help for details.
  c:\program files (x86)\windows kits\10\include\10.0.10240.0\ucrt\stdio.h(1769): note: see declaration of 'sprintf'
d:\workspace\venom\src\venom_editor.cpp(386): warning C4267: '=': conversion from 'size_t' to 'U32', possible loss of data
d:\workspace\venom\src\venom_editor.cpp(513): warning C4267: 'argument': conversion from 'size_t' to 'int', possible loss of data
d:\workspace\venom\src\venom_editor.cpp(515): warning C4267: '=': conversion from 'size_t' to 'int', possible loss of data
d:\workspace\venom\src\venom_editor.cpp(586): error C2039: 'lock': is not a member of 'AssetSlot'
  d:\workspace\venom\src\assets\venom_asset.h(48): note: see declaration of 'AssetSlot'
d:\workspace\venom\src\venom_editor.cpp(591): error C2039: 'lock': is not a member of 'AssetSlot'
  d:\workspace\venom\src\assets\venom_asset.h(48): note: see declaration of 'AssetSlot'
d:\workspace\venom\src\venom_editor.cpp(595): error C2039: 'lock': is not a member of 'AssetSlot'
  d:\workspace\venom\src\assets\venom_asset.h(48): note: see declaration of 'AssetSlot'
d:\workspace\venom\src\venom_editor.cpp(598): error C2039: 'lock': is not a member of 'AssetSlot'
  d:\workspace\venom\src\assets\venom_asset.h(48): note: see declaration of 'AssetSlot'
d:\workspace\venom\src\venom_editor.cpp(671): warning C4267: '=': conversion from 'size_t' to 'S32', possible loss of data
d:\workspace\venom\src\venom_editor.cpp(690): warning C4244: 'argument': conversion from 'const U32' to 'float', possible loss of data
d:\workspace\venom\src\venom_editor.cpp(691): warning C4244: 'argument': conversion from 'const U32' to 'float', possible loss of data
d:\workspace\venom\src\venom_editor.cpp(698): warning C4244: 'argument': conversion from 'const U32' to 'float', possible loss of data
d:\workspace\venom\src\venom_editor.cpp(706): warning C4244: 'argument': conversion from 'const U32' to 'float', possible loss of data
d:\workspace\venom\src\venom_editor.cpp(493): warning C4996: 'sprintf': This function or variable may be unsafe. Consider using sprintf_s instead. To disable deprecation, use _CRT_SECURE_NO_WARNINGS. See online help for details.
  c:\program files (x86)\windows kits\10\include\10.0.10240.0\ucrt\stdio.h(1769): note: see declaration of 'sprintf'
d:\workspace\venom\src\venom_editor.cpp(589): warning C4996: 'strdup': The POSIX name for this item is deprecated. Instead, use the ISO C and C++ conformant name: _strdup. See online help for details.
  c:\program files (x86)\windows kits\10\include\10.0.10240.0\ucrt\string.h(552): note: see declaration of 'strdup'
d:\workspace\venom\src\venom_editor.cpp(590): warning C4996: 'strdup': The POSIX name for this item is deprecated. Instead, use the ISO C and C++ conformant name: _strdup. See online help for details.
  c:\program files (x86)\windows kits\10\include\10.0.10240.0\ucrt\string.h(552): note: see declaration of 'strdup'
d:\workspace\venom\src\venom_editor.cpp(596): warning C4996: 'strcpy': This function or variable may be unsafe. Consider using strcpy_s instead. To disable deprecation, use _CRT_SECURE_NO_WARNINGS. See online help for details.
  c:\program files (x86)\windows kits\10\include\10.0.10240.0\ucrt\string.h(119): note: see declaration of 'strcpy'
d:\workspace\venom\src\venom_editor.cpp(597): warning C4996: 'strcpy': This function or variable may be unsafe. Consider using strcpy_s instead. To disable deprecation, use _CRT_SECURE_NO_WARNINGS. See online help for details.
  c:\program files (x86)\windows kits\10\include\10.0.10240.0\ucrt\string.h(119): note: see declaration of 'strcpy'
d:\workspace\venom\src\venom_editor.cpp(777): warning C4244: 'argument': conversion from 'F32' to 'int', possible loss of data
d:\workspace\venom\src\venom_editor.cpp(782): warning C4267: 'argument': conversion from 'size_t' to 'U32', possible loss of data
d:\workspace\venom\src\venom_editor.cpp(820): warning C4244: 'argument': conversion from 'F32' to 'int', possible loss of data
d:\workspace\venom\src\venom_editor.cpp(845): warning C4244: '=': conversion from 'U64' to 'U32', possible loss of data
d:\workspace\venom\src\venom_editor.cpp(907): warning C4244: 'initializing': conversion from 'float' to 'U32', possible loss of data
d:\workspace\venom\src\venom_editor.cpp(907): warning C4244: 'initializing': conversion from 'float' to 'const U32', possible loss of data
d:\workspace\venom\src\venom_editor.cpp(908): warning C4244: 'argument': conversion from 'const U32' to 'float', possible loss of data
d:\workspace\venom\src\venom_entity.cpp(41): warning C4267: '=': conversion from 'size_t' to 'U32', possible loss of data
d:\workspace\venom\src\terrain.cpp(117): warning C4244: 'initializing': conversion from 'float' to 'U32', possible loss of data
d:\workspace\venom\src\terrain.cpp(118): warning C4244: 'initializing': conversion from 'float' to 'U32', possible loss of data
d:\workspace\venom\src\terrain.cpp(175): warning C4244: '=': conversion from 'float' to 'U8', possible loss of data
d:\workspace\venom\src\terrain.cpp(179): warning C4244: '=': conversion from 'double' to 'float', possible loss of data
d:\workspace\venom\src\terrain.cpp(287): warning C4244: 'argument': conversion from 'U64' to 'U32', possible loss of data
d:\workspace\venom\src\terrain.cpp(302): warning C4244: 'argument': conversion from 'U64' to 'U32', possible loss of data
d:\workspace\venom\src\test_scene.cpp(34): warning C4244: '=': conversion from 'F64' to 'float', possible loss of data
d:\workspace\venom\src\test_scene.cpp(35): warning C4244: '=': conversion from 'F64' to 'float', possible loss of data
d:\workspace\venom\src\test_scene.cpp(233): warning C4244: 'argument': conversion from 'U64' to 'U32', possible loss of data
d:\workspace\venom\src\venom_platform.cpp(87): warning C4996: 'fopen': This function or variable may be unsafe. Consider using fopen_s instead. To disable deprecation, use _CRT_SECURE_NO_WARNINGS. See online help for details.
  c:\program files (x86)\windows kits\10\include\10.0.10240.0\ucrt\stdio.h(205): note: see declaration of 'fopen'
d:\workspace\venom\src\venom_platform.cpp(99): warning C4996: 'fopen': This function or variable may be unsafe. Consider using fopen_s instead. To disable deprecation, use _CRT_SECURE_NO_WARNINGS. See online help for details.
  c:\program files (x86)\windows kits\10\include\10.0.10240.0\ucrt\stdio.h(205): note: see declaration of 'fopen'
d:\workspace\venom\src\venom_platform.cpp(182): warning C4800: 'int': forcing value to bool 'true' or 'false' (performance warning)
c:\program files (x86)\windows kits\8.1\include\shared\minwindef.h(130): warning C4005: 'APIENTRY': macro redefinition
  d:\workspace\venom\src\thirdparty\glcorearb.h(40): note: see previous definition of 'APIENTRY'
d:\workspace\venom\src\platform\windows.cpp(421): warning C4244: '=': conversion from 'float' to 'S32', possible loss of data
d:\workspace\venom\src\platform\windows.cpp(422): warning C4244: '=': conversion from 'float' to 'S32', possible loss of data
d:\workspace\venom\src\platform\windows.cpp(423): warning C4244: '=': conversion from 'float' to 'S32', possible loss of data
d:\workspace\venom\src\platform\windows.cpp(424): warning C4244: '=': conversion from 'float' to 'S32', possible loss of data
d:\workspace\venom\src\platform\windows.cpp(444): warning C4800: 'int': forcing value to bool 'true' or 'false' (performance warning)
d:\workspace\venom\src\platform\windows.cpp(447): warning C4244: 'argument': conversion from 'Win32::WPARAM' to 'Win32::UINT', possible loss of data
d:\workspace\venom\src\platform\windows.cpp(451): warning C4244: 'argument': conversion from 'Win32::WPARAM' to 'Win32::UINT', possible loss of data
d:\workspace\venom\src\platform\windows.cpp(452): warning C4244: 'argument': conversion from 'Win32::WPARAM' to 'int', possible loss of data
