  platform.cpp
..\..\..\src\platform.cpp(2): warning C4068: unknown pragma
..\..\..\src\platform.cpp(3): warning C4068: unknown pragma
..\..\..\src\platform.cpp(4): warning C4068: unknown pragma
..\..\..\src\platform.cpp(7): warning C4068: unknown pragma
..\..\..\src\platform.cpp(8): warning C4068: unknown pragma
..\..\..\src\platform.cpp(9): warning C4068: unknown pragma
..\..\..\src\platform.cpp(10): warning C4068: unknown pragma
..\..\..\src\platform.cpp(11): warning C4068: unknown pragma
d:\workspace\venom\src\platform.h(4): warning C4068: unknown pragma
d:\workspace\venom\src\platform.h(5): warning C4068: unknown pragma
d:\workspace\venom\src\platform.h(6): warning C4068: unknown pragma
d:\workspace\venom\src\platform.h(9): warning C4068: unknown pragma
d:\workspace\venom\src\platform.h(10): warning C4068: unknown pragma
d:\workspace\venom\src\platform.h(11): warning C4068: unknown pragma
d:\workspace\venom\src\platform.h(12): warning C4068: unknown pragma
d:\workspace\venom\src\platform.h(13): warning C4068: unknown pragma
d:\workspace\venom\src\math_procedural.h(15): warning C4244: 'initializing': conversion from 'U64' to 'float', possible loss of data
d:\workspace\venom\src\offline_asset_tools.cpp(1): warning C4068: unknown pragma
d:\workspace\venom\src\offline_asset_tools.cpp(2): warning C4068: unknown pragma
d:\workspace\venom\src\offline_asset_tools.cpp(7): warning C4068: unknown pragma
d:\workspace\venom\src\offline_asset_tools.cpp(9): warning C4068: unknown pragma
d:\workspace\venom\src\offline_asset_tools.cpp(10): warning C4068: unknown pragma
d:\workspace\venom\src\stb_vorbis.c(4432): warning C4244: 'return': conversion from '__int64' to 'int', possible loss of data
d:\workspace\venom\src\stb_vorbis.c(4442): warning C4244: 'return': conversion from '__int64' to 'int', possible loss of data
d:\workspace\venom\src\stb_vorbis.c(4462): warning C4244: 'return': conversion from '__int64' to 'int', possible loss of data
d:\workspace\venom\src\stb_vorbis.c(4485): warning C4244: '=': conversion from '__int64' to 'int', possible loss of data
d:\workspace\venom\src\stb_vorbis.c(4500): warning C4244: 'return': conversion from '__int64' to 'unsigned int', possible loss of data
d:\workspace\venom\src\offline_asset_tools.cpp(12): warning C4068: unknown pragma
..\..\..\src\platform.cpp(107): warning C4267: 'argument': conversion from 'size_t' to 'int', possible loss of data
d:\workspace\venom\src\platform_windows.cpp(415): warning C4244: '=': conversion from 'float' to 'int', possible loss of data
d:\workspace\venom\src\platform_windows.cpp(416): warning C4244: '=': conversion from 'float' to 'int', possible loss of data
d:\workspace\venom\src\platform_windows.cpp(417): warning C4244: '=': conversion from 'float' to 'int', possible loss of data
d:\workspace\venom\src\platform_windows.cpp(418): warning C4244: '=': conversion from 'float' to 'int', possible loss of data
d:\workspace\venom\src\platform_windows.cpp(440): warning C4267: 'argument': conversion from 'size_t' to 'int', possible loss of data
d:\workspace\venom\src\platform_windows.cpp(493): warning C4244: 'argument': conversion from 'WPARAM' to 'int', possible loss of data
  Generating code
  27 of 397 functions ( 6.8%) were compiled, the rest were copied from previous compilation.
    0 functions were new in current compilation
    8 functions had inline decision re-evaluated but remain unchanged
  Finished generating code
  build64.vcxproj -> D:\workspace\venom\msbuild\build64\x64\Release\build64.exe
